[2025-10-19 03:30:20] [31merror[39m: uncaughtException: Route.get() requires a callback function but got a [object Undefined]
Error: Route.get() requires a callback function but got a [object Undefined]
    at Route.<computed> [as get] (/usr/src/app/node_modules/express/lib/router/route.js:216:15)
    at proto.<computed> [as get] (/usr/src/app/node_modules/express/lib/router/index.js:521:19)
    at Object.<anonymous> (/usr/src/app/src/routes/playerRoutes.js:142:8)
    at Module._compile (node:internal/modules/cjs/loader:1521:14)
    at Module._extensions..js (node:internal/modules/cjs/loader:1623:10)
    at Module.load (node:internal/modules/cjs/loader:1266:32)
    at Module._load (node:internal/modules/cjs/loader:1091:12)
    at Module.require (node:internal/modules/cjs/loader:1289:19)
    at require (node:internal/modules/helpers:182:18)
    at Object.<anonymous> (/usr/src/app/src/app.js:7:22) {"error":{},"stack":"Error: Route.get() requires a callback function but got a [object Undefined]\n    at Route.<computed> [as get] (/usr/src/app/node_modules/express/lib/router/route.js:216:15)\n    at proto.<computed> [as get] (/usr/src/app/node_modules/express/lib/router/index.js:521:19)\n    at Object.<anonymous> (/usr/src/app/src/routes/playerRoutes.js:142:8)\n    at Module._compile (node:internal/modules/cjs/loader:1521:14)\n    at Module._extensions..js (node:internal/modules/cjs/loader:1623:10)\n    at Module.load (node:internal/modules/cjs/loader:1266:32)\n    at Module._load (node:internal/modules/cjs/loader:1091:12)\n    at Module.require (node:internal/modules/cjs/loader:1289:19)\n    at require (node:internal/modules/helpers:182:18)\n    at Object.<anonymous> (/usr/src/app/src/app.js:7:22)","exception":true,"date":"Sun Oct 19 2025 03:30:20 GMT+0000 (Coordinated Universal Time)","process":{"pid":31,"uid":0,"gid":0,"cwd":"/usr/src/app","execPath":"/usr/local/bin/node","version":"v20.19.5","argv":["/usr/local/bin/node","/usr/src/app/src/app.js"],"memoryUsage":{"rss":71913472,"heapTotal":29790208,"heapUsed":17646072,"external":2143983,"arrayBuffers":16839}},"os":{"loadavg":[2.8,1.93,1.4],"uptime":11333.24},"trace":[{"column":15,"file":"/usr/src/app/node_modules/express/lib/router/route.js","function":"Route.<computed> [as get]","line":216,"method":"<computed> [as get]","native":false},{"column":19,"file":"/usr/src/app/node_modules/express/lib/router/index.js","function":"proto.<computed> [as get]","line":521,"method":"<computed> [as get]","native":false},{"column":8,"file":"/usr/src/app/src/routes/playerRoutes.js","function":null,"line":142,"method":null,"native":false},{"column":14,"file":"node:internal/modules/cjs/loader","function":"Module._compile","line":1521,"method":"_compile","native":false},{"column":10,"file":"node:internal/modules/cjs/loader","function":"Module._extensions..js","line":1623,"method":".js","native":false},{"column":32,"file":"node:internal/modules/cjs/loader","function":"Module.load","line":1266,"method":"load","native":false},{"column":12,"file":"node:internal/modules/cjs/loader","function":"Module._load","line":1091,"method":"_load","native":false},{"column":19,"file":"node:internal/modules/cjs/loader","function":"Module.require","line":1289,"method":"require","native":false},{"column":18,"file":"node:internal/modules/helpers","function":"require","line":182,"method":null,"native":false},{"column":22,"file":"/usr/src/app/src/app.js","function":null,"line":7,"method":null,"native":false}]}
[2025-10-19 03:33:20] [31merror[39m: uncaughtException: Route.get() requires a callback function but got a [object Undefined]
Error: Route.get() requires a callback function but got a [object Undefined]
    at Route.<computed> [as get] (/usr/src/app/node_modules/express/lib/router/route.js:216:15)
    at proto.<computed> [as get] (/usr/src/app/node_modules/express/lib/router/index.js:521:19)
    at Object.<anonymous> (/usr/src/app/src/routes/playerRoutes.js:142:8)
    at Module._compile (node:internal/modules/cjs/loader:1521:14)
    at Module._extensions..js (node:internal/modules/cjs/loader:1623:10)
    at Module.load (node:internal/modules/cjs/loader:1266:32)
    at Module._load (node:internal/modules/cjs/loader:1091:12)
    at Module.require (node:internal/modules/cjs/loader:1289:19)
    at require (node:internal/modules/helpers:182:18)
    at Object.<anonymous> (/usr/src/app/src/app.js:7:22) {"error":{},"stack":"Error: Route.get() requires a callback function but got a [object Undefined]\n    at Route.<computed> [as get] (/usr/src/app/node_modules/express/lib/router/route.js:216:15)\n    at proto.<computed> [as get] (/usr/src/app/node_modules/express/lib/router/index.js:521:19)\n    at Object.<anonymous> (/usr/src/app/src/routes/playerRoutes.js:142:8)\n    at Module._compile (node:internal/modules/cjs/loader:1521:14)\n    at Module._extensions..js (node:internal/modules/cjs/loader:1623:10)\n    at Module.load (node:internal/modules/cjs/loader:1266:32)\n    at Module._load (node:internal/modules/cjs/loader:1091:12)\n    at Module.require (node:internal/modules/cjs/loader:1289:19)\n    at require (node:internal/modules/helpers:182:18)\n    at Object.<anonymous> (/usr/src/app/src/app.js:7:22)","exception":true,"date":"Sun Oct 19 2025 03:33:20 GMT+0000 (Coordinated Universal Time)","process":{"pid":30,"uid":0,"gid":0,"cwd":"/usr/src/app","execPath":"/usr/local/bin/node","version":"v20.19.5","argv":["/usr/local/bin/node","/usr/src/app/src/app.js"],"memoryUsage":{"rss":71966720,"heapTotal":29790208,"heapUsed":17542568,"external":2143983,"arrayBuffers":16839}},"os":{"loadavg":[1.44,1.67,1.39],"uptime":11526.12},"trace":[{"column":15,"file":"/usr/src/app/node_modules/express/lib/router/route.js","function":"Route.<computed> [as get]","line":216,"method":"<computed> [as get]","native":false},{"column":19,"file":"/usr/src/app/node_modules/express/lib/router/index.js","function":"proto.<computed> [as get]","line":521,"method":"<computed> [as get]","native":false},{"column":8,"file":"/usr/src/app/src/routes/playerRoutes.js","function":null,"line":142,"method":null,"native":false},{"column":14,"file":"node:internal/modules/cjs/loader","function":"Module._compile","line":1521,"method":"_compile","native":false},{"column":10,"file":"node:internal/modules/cjs/loader","function":"Module._extensions..js","line":1623,"method":".js","native":false},{"column":32,"file":"node:internal/modules/cjs/loader","function":"Module.load","line":1266,"method":"load","native":false},{"column":12,"file":"node:internal/modules/cjs/loader","function":"Module._load","line":1091,"method":"_load","native":false},{"column":19,"file":"node:internal/modules/cjs/loader","function":"Module.require","line":1289,"method":"require","native":false},{"column":18,"file":"node:internal/modules/helpers","function":"require","line":182,"method":null,"native":false},{"column":22,"file":"/usr/src/app/src/app.js","function":null,"line":7,"method":null,"native":false}]}
[2025-10-19 03:38:26] [31merror[39m: uncaughtException: Route.get() requires a callback function but got a [object Undefined]
Error: Route.get() requires a callback function but got a [object Undefined]
    at Route.<computed> [as get] (/usr/src/app/node_modules/express/lib/router/route.js:216:15)
    at proto.<computed> [as get] (/usr/src/app/node_modules/express/lib/router/index.js:521:19)
    at Object.<anonymous> (/usr/src/app/src/routes/playerRoutes.js:142:8)
    at Module._compile (node:internal/modules/cjs/loader:1521:14)
    at Module._extensions..js (node:internal/modules/cjs/loader:1623:10)
    at Module.load (node:internal/modules/cjs/loader:1266:32)
    at Module._load (node:internal/modules/cjs/loader:1091:12)
    at Module.require (node:internal/modules/cjs/loader:1289:19)
    at require (node:internal/modules/helpers:182:18)
    at Object.<anonymous> (/usr/src/app/src/app.js:7:22) {"error":{},"stack":"Error: Route.get() requires a callback function but got a [object Undefined]\n    at Route.<computed> [as get] (/usr/src/app/node_modules/express/lib/router/route.js:216:15)\n    at proto.<computed> [as get] (/usr/src/app/node_modules/express/lib/router/index.js:521:19)\n    at Object.<anonymous> (/usr/src/app/src/routes/playerRoutes.js:142:8)\n    at Module._compile (node:internal/modules/cjs/loader:1521:14)\n    at Module._extensions..js (node:internal/modules/cjs/loader:1623:10)\n    at Module.load (node:internal/modules/cjs/loader:1266:32)\n    at Module._load (node:internal/modules/cjs/loader:1091:12)\n    at Module.require (node:internal/modules/cjs/loader:1289:19)\n    at require (node:internal/modules/helpers:182:18)\n    at Object.<anonymous> (/usr/src/app/src/app.js:7:22)","exception":true,"date":"Sun Oct 19 2025 03:38:26 GMT+0000 (Coordinated Universal Time)","process":{"pid":30,"uid":0,"gid":0,"cwd":"/usr/src/app","execPath":"/usr/local/bin/node","version":"v20.19.5","argv":["/usr/local/bin/node","/usr/src/app/src/app.js"],"memoryUsage":{"rss":72065024,"heapTotal":29790208,"heapUsed":17653920,"external":2143983,"arrayBuffers":16839}},"os":{"loadavg":[2.44,1.89,1.56],"uptime":11849.65},"trace":[{"column":15,"file":"/usr/src/app/node_modules/express/lib/router/route.js","function":"Route.<computed> [as get]","line":216,"method":"<computed> [as get]","native":false},{"column":19,"file":"/usr/src/app/node_modules/express/lib/router/index.js","function":"proto.<computed> [as get]","line":521,"method":"<computed> [as get]","native":false},{"column":8,"file":"/usr/src/app/src/routes/playerRoutes.js","function":null,"line":142,"method":null,"native":false},{"column":14,"file":"node:internal/modules/cjs/loader","function":"Module._compile","line":1521,"method":"_compile","native":false},{"column":10,"file":"node:internal/modules/cjs/loader","function":"Module._extensions..js","line":1623,"method":".js","native":false},{"column":32,"file":"node:internal/modules/cjs/loader","function":"Module.load","line":1266,"method":"load","native":false},{"column":12,"file":"node:internal/modules/cjs/loader","function":"Module._load","line":1091,"method":"_load","native":false},{"column":19,"file":"node:internal/modules/cjs/loader","function":"Module.require","line":1289,"method":"require","native":false},{"column":18,"file":"node:internal/modules/helpers","function":"require","line":182,"method":null,"native":false},{"column":22,"file":"/usr/src/app/src/app.js","function":null,"line":7,"method":null,"native":false}]}
[2025-10-19 03:49:09] [31merror[39m: uncaughtException: Route.get() requires a callback function but got a [object Undefined]
Error: Route.get() requires a callback function but got a [object Undefined]
    at Route.<computed> [as get] (/usr/src/app/node_modules/express/lib/router/route.js:216:15)
    at proto.<computed> [as get] (/usr/src/app/node_modules/express/lib/router/index.js:521:19)
    at Object.<anonymous> (/usr/src/app/src/routes/playerRoutes.js:13:8)
    at Module._compile (node:internal/modules/cjs/loader:1521:14)
    at Module._extensions..js (node:internal/modules/cjs/loader:1623:10)
    at Module.load (node:internal/modules/cjs/loader:1266:32)
    at Module._load (node:internal/modules/cjs/loader:1091:12)
    at Module.require (node:internal/modules/cjs/loader:1289:19)
    at require (node:internal/modules/helpers:182:18)
    at Object.<anonymous> (/usr/src/app/src/app.js:7:22) {"error":{},"stack":"Error: Route.get() requires a callback function but got a [object Undefined]\n    at Route.<computed> [as get] (/usr/src/app/node_modules/express/lib/router/route.js:216:15)\n    at proto.<computed> [as get] (/usr/src/app/node_modules/express/lib/router/index.js:521:19)\n    at Object.<anonymous> (/usr/src/app/src/routes/playerRoutes.js:13:8)\n    at Module._compile (node:internal/modules/cjs/loader:1521:14)\n    at Module._extensions..js (node:internal/modules/cjs/loader:1623:10)\n    at Module.load (node:internal/modules/cjs/loader:1266:32)\n    at Module._load (node:internal/modules/cjs/loader:1091:12)\n    at Module.require (node:internal/modules/cjs/loader:1289:19)\n    at require (node:internal/modules/helpers:182:18)\n    at Object.<anonymous> (/usr/src/app/src/app.js:7:22)","exception":true,"date":"Sun Oct 19 2025 03:49:09 GMT+0000 (Coordinated Universal Time)","process":{"pid":30,"uid":0,"gid":0,"cwd":"/usr/src/app","execPath":"/usr/local/bin/node","version":"v20.19.5","argv":["/usr/local/bin/node","/usr/src/app/src/app.js"],"memoryUsage":{"rss":72249344,"heapTotal":30052352,"heapUsed":17348352,"external":2143983,"arrayBuffers":16839}},"os":{"loadavg":[1.85,1.5,1.46],"uptime":12532.72},"trace":[{"column":15,"file":"/usr/src/app/node_modules/express/lib/router/route.js","function":"Route.<computed> [as get]","line":216,"method":"<computed> [as get]","native":false},{"column":19,"file":"/usr/src/app/node_modules/express/lib/router/index.js","function":"proto.<computed> [as get]","line":521,"method":"<computed> [as get]","native":false},{"column":8,"file":"/usr/src/app/src/routes/playerRoutes.js","function":null,"line":13,"method":null,"native":false},{"column":14,"file":"node:internal/modules/cjs/loader","function":"Module._compile","line":1521,"method":"_compile","native":false},{"column":10,"file":"node:internal/modules/cjs/loader","function":"Module._extensions..js","line":1623,"method":".js","native":false},{"column":32,"file":"node:internal/modules/cjs/loader","function":"Module.load","line":1266,"method":"load","native":false},{"column":12,"file":"node:internal/modules/cjs/loader","function":"Module._load","line":1091,"method":"_load","native":false},{"column":19,"file":"node:internal/modules/cjs/loader","function":"Module.require","line":1289,"method":"require","native":false},{"column":18,"file":"node:internal/modules/helpers","function":"require","line":182,"method":null,"native":false},{"column":22,"file":"/usr/src/app/src/app.js","function":null,"line":7,"method":null,"native":false}]}
[2025-10-18 21:51:19] [31merror[39m: uncaughtException: Route.get() requires a callback function but got a [object Undefined]
Error: Route.get() requires a callback function but got a [object Undefined]
    at Route.<computed> [as get] (C:\Users\jcast\Desktop\nuevo-players-service\node_modules\express\lib\router\route.js:216:15)
    at proto.<computed> [as get] (C:\Users\jcast\Desktop\nuevo-players-service\node_modules\express\lib\router\index.js:521:19)
    at Object.<anonymous> (C:\Users\jcast\Desktop\nuevo-players-service\src\routes\playerRoutes.js:13:8)
    at Module._compile (node:internal/modules/cjs/loader:1706:14)
    at Object..js (node:internal/modules/cjs/loader:1839:10)
    at Module.load (node:internal/modules/cjs/loader:1441:32)
    at Function._load (node:internal/modules/cjs/loader:1263:12)
    at TracingChannel.traceSync (node:diagnostics_channel:322:14)
    at wrapModuleLoad (node:internal/modules/cjs/loader:237:24)
    at Module.require (node:internal/modules/cjs/loader:1463:12) {"error":{},"stack":"Error: Route.get() requires a callback function but got a [object Undefined]\n    at Route.<computed> [as get] (C:\\Users\\jcast\\Desktop\\nuevo-players-service\\node_modules\\express\\lib\\router\\route.js:216:15)\n    at proto.<computed> [as get] (C:\\Users\\jcast\\Desktop\\nuevo-players-service\\node_modules\\express\\lib\\router\\index.js:521:19)\n    at Object.<anonymous> (C:\\Users\\jcast\\Desktop\\nuevo-players-service\\src\\routes\\playerRoutes.js:13:8)\n    at Module._compile (node:internal/modules/cjs/loader:1706:14)\n    at Object..js (node:internal/modules/cjs/loader:1839:10)\n    at Module.load (node:internal/modules/cjs/loader:1441:32)\n    at Function._load (node:internal/modules/cjs/loader:1263:12)\n    at TracingChannel.traceSync (node:diagnostics_channel:322:14)\n    at wrapModuleLoad (node:internal/modules/cjs/loader:237:24)\n    at Module.require (node:internal/modules/cjs/loader:1463:12)","exception":true,"date":"Sat Oct 18 2025 21:51:19 GMT-0600 (hora estándar central)","process":{"pid":32796,"uid":null,"gid":null,"cwd":"C:\\Users\\jcast\\Desktop\\nuevo-players-service","execPath":"C:\\Users\\jcast\\scoop\\apps\\nodejs-lts\\current\\node.exe","version":"v22.20.0","argv":["C:\\Users\\jcast\\scoop\\apps\\nodejs-lts\\current\\node.exe","C:\\Users\\jcast\\Desktop\\nuevo-players-service\\src\\app.js"],"memoryUsage":{"rss":58929152,"heapTotal":32018432,"heapUsed":14186920,"external":2337533,"arrayBuffers":18815}},"os":{"loadavg":[0,0,0],"uptime":13289.468},"trace":[{"column":15,"file":"C:\\Users\\jcast\\Desktop\\nuevo-players-service\\node_modules\\express\\lib\\router\\route.js","function":"Route.<computed> [as get]","line":216,"method":"<computed> [as get]","native":false},{"column":19,"file":"C:\\Users\\jcast\\Desktop\\nuevo-players-service\\node_modules\\express\\lib\\router\\index.js","function":"proto.<computed> [as get]","line":521,"method":"<computed> [as get]","native":false},{"column":8,"file":"C:\\Users\\jcast\\Desktop\\nuevo-players-service\\src\\routes\\playerRoutes.js","function":null,"line":13,"method":null,"native":false},{"column":14,"file":"node:internal/modules/cjs/loader","function":"Module._compile","line":1706,"method":"_compile","native":false},{"column":10,"file":"node:internal/modules/cjs/loader","function":"Object..js","line":1839,"method":".js","native":false},{"column":32,"file":"node:internal/modules/cjs/loader","function":"Module.load","line":1441,"method":"load","native":false},{"column":12,"file":"node:internal/modules/cjs/loader","function":"Function._load","line":1263,"method":"_load","native":false},{"column":14,"file":"node:diagnostics_channel","function":"TracingChannel.traceSync","line":322,"method":"traceSync","native":false},{"column":24,"file":"node:internal/modules/cjs/loader","function":"wrapModuleLoad","line":237,"method":null,"native":false},{"column":12,"file":"node:internal/modules/cjs/loader","function":"Module.require","line":1463,"method":"require","native":false}]}
[2025-10-19 03:52:14] [31merror[39m: uncaughtException: Route.get() requires a callback function but got a [object Undefined]
Error: Route.get() requires a callback function but got a [object Undefined]
    at Route.<computed> [as get] (/usr/src/app/node_modules/express/lib/router/route.js:216:15)
    at proto.<computed> [as get] (/usr/src/app/node_modules/express/lib/router/index.js:521:19)
    at Object.<anonymous> (/usr/src/app/src/routes/playerRoutes.js:13:8)
    at Module._compile (node:internal/modules/cjs/loader:1521:14)
    at Module._extensions..js (node:internal/modules/cjs/loader:1623:10)
    at Module.load (node:internal/modules/cjs/loader:1266:32)
    at Module._load (node:internal/modules/cjs/loader:1091:12)
    at Module.require (node:internal/modules/cjs/loader:1289:19)
    at require (node:internal/modules/helpers:182:18)
    at Object.<anonymous> (/usr/src/app/src/app.js:7:22) {"error":{},"stack":"Error: Route.get() requires a callback function but got a [object Undefined]\n    at Route.<computed> [as get] (/usr/src/app/node_modules/express/lib/router/route.js:216:15)\n    at proto.<computed> [as get] (/usr/src/app/node_modules/express/lib/router/index.js:521:19)\n    at Object.<anonymous> (/usr/src/app/src/routes/playerRoutes.js:13:8)\n    at Module._compile (node:internal/modules/cjs/loader:1521:14)\n    at Module._extensions..js (node:internal/modules/cjs/loader:1623:10)\n    at Module.load (node:internal/modules/cjs/loader:1266:32)\n    at Module._load (node:internal/modules/cjs/loader:1091:12)\n    at Module.require (node:internal/modules/cjs/loader:1289:19)\n    at require (node:internal/modules/helpers:182:18)\n    at Object.<anonymous> (/usr/src/app/src/app.js:7:22)","exception":true,"date":"Sun Oct 19 2025 03:52:14 GMT+0000 (Coordinated Universal Time)","process":{"pid":30,"uid":0,"gid":0,"cwd":"/usr/src/app","execPath":"/usr/local/bin/node","version":"v20.19.5","argv":["/usr/local/bin/node","/usr/src/app/src/app.js"],"memoryUsage":{"rss":71794688,"heapTotal":30314496,"heapUsed":17653040,"external":2143983,"arrayBuffers":16839}},"os":{"loadavg":[1.2,1.27,1.36],"uptime":12730.32},"trace":[{"column":15,"file":"/usr/src/app/node_modules/express/lib/router/route.js","function":"Route.<computed> [as get]","line":216,"method":"<computed> [as get]","native":false},{"column":19,"file":"/usr/src/app/node_modules/express/lib/router/index.js","function":"proto.<computed> [as get]","line":521,"method":"<computed> [as get]","native":false},{"column":8,"file":"/usr/src/app/src/routes/playerRoutes.js","function":null,"line":13,"method":null,"native":false},{"column":14,"file":"node:internal/modules/cjs/loader","function":"Module._compile","line":1521,"method":"_compile","native":false},{"column":10,"file":"node:internal/modules/cjs/loader","function":"Module._extensions..js","line":1623,"method":".js","native":false},{"column":32,"file":"node:internal/modules/cjs/loader","function":"Module.load","line":1266,"method":"load","native":false},{"column":12,"file":"node:internal/modules/cjs/loader","function":"Module._load","line":1091,"method":"_load","native":false},{"column":19,"file":"node:internal/modules/cjs/loader","function":"Module.require","line":1289,"method":"require","native":false},{"column":18,"file":"node:internal/modules/helpers","function":"require","line":182,"method":null,"native":false},{"column":22,"file":"/usr/src/app/src/app.js","function":null,"line":7,"method":null,"native":false}]}
[2025-10-19 03:53:07] [31merror[39m: uncaughtException: Route.get() requires a callback function but got a [object Undefined]
Error: Route.get() requires a callback function but got a [object Undefined]
    at Route.<computed> [as get] (/usr/src/app/node_modules/express/lib/router/route.js:216:15)
    at proto.<computed> [as get] (/usr/src/app/node_modules/express/lib/router/index.js:521:19)
    at Object.<anonymous> (/usr/src/app/src/routes/playerRoutes.js:13:8)
    at Module._compile (node:internal/modules/cjs/loader:1521:14)
    at Module._extensions..js (node:internal/modules/cjs/loader:1623:10)
    at Module.load (node:internal/modules/cjs/loader:1266:32)
    at Module._load (node:internal/modules/cjs/loader:1091:12)
    at Module.require (node:internal/modules/cjs/loader:1289:19)
    at require (node:internal/modules/helpers:182:18)
    at Object.<anonymous> (/usr/src/app/src/app.js:7:22) {"error":{},"stack":"Error: Route.get() requires a callback function but got a [object Undefined]\n    at Route.<computed> [as get] (/usr/src/app/node_modules/express/lib/router/route.js:216:15)\n    at proto.<computed> [as get] (/usr/src/app/node_modules/express/lib/router/index.js:521:19)\n    at Object.<anonymous> (/usr/src/app/src/routes/playerRoutes.js:13:8)\n    at Module._compile (node:internal/modules/cjs/loader:1521:14)\n    at Module._extensions..js (node:internal/modules/cjs/loader:1623:10)\n    at Module.load (node:internal/modules/cjs/loader:1266:32)\n    at Module._load (node:internal/modules/cjs/loader:1091:12)\n    at Module.require (node:internal/modules/cjs/loader:1289:19)\n    at require (node:internal/modules/helpers:182:18)\n    at Object.<anonymous> (/usr/src/app/src/app.js:7:22)","exception":true,"date":"Sun Oct 19 2025 03:53:07 GMT+0000 (Coordinated Universal Time)","process":{"pid":30,"uid":0,"gid":0,"cwd":"/usr/src/app","execPath":"/usr/local/bin/node","version":"v20.19.5","argv":["/usr/local/bin/node","/usr/src/app/src/app.js"],"memoryUsage":{"rss":71970816,"heapTotal":30314496,"heapUsed":17458320,"external":2143983,"arrayBuffers":16839}},"os":{"loadavg":[1.04,1.2,1.33],"uptime":12784.98},"trace":[{"column":15,"file":"/usr/src/app/node_modules/express/lib/router/route.js","function":"Route.<computed> [as get]","line":216,"method":"<computed> [as get]","native":false},{"column":19,"file":"/usr/src/app/node_modules/express/lib/router/index.js","function":"proto.<computed> [as get]","line":521,"method":"<computed> [as get]","native":false},{"column":8,"file":"/usr/src/app/src/routes/playerRoutes.js","function":null,"line":13,"method":null,"native":false},{"column":14,"file":"node:internal/modules/cjs/loader","function":"Module._compile","line":1521,"method":"_compile","native":false},{"column":10,"file":"node:internal/modules/cjs/loader","function":"Module._extensions..js","line":1623,"method":".js","native":false},{"column":32,"file":"node:internal/modules/cjs/loader","function":"Module.load","line":1266,"method":"load","native":false},{"column":12,"file":"node:internal/modules/cjs/loader","function":"Module._load","line":1091,"method":"_load","native":false},{"column":19,"file":"node:internal/modules/cjs/loader","function":"Module.require","line":1289,"method":"require","native":false},{"column":18,"file":"node:internal/modules/helpers","function":"require","line":182,"method":null,"native":false},{"column":22,"file":"/usr/src/app/src/app.js","function":null,"line":7,"method":null,"native":false}]}
